[debug] [2025-03-17T09:38:45.450Z] : 
[debug] [2025-03-17T09:38:45.456Z] : ----------------------------------------------------------------------
[debug] [2025-03-17T09:38:45.456Z] : Command:      /usr/bin/node /usr/bin/catalyst init
[debug] [2025-03-17T09:38:45.457Z] : CLI Version:  1.17.6
[debug] [2025-03-17T09:38:45.457Z] : Platform:     linux
[debug] [2025-03-17T09:38:45.457Z] : Node Version: v23.9.0
[debug] [2025-03-17T09:38:45.457Z] : Time:         Mon Mar 17 2025 15:08:45 GMT+0530 (India Standard Time)
[debug] [2025-03-17T09:38:45.457Z] : ----------------------------------------------------------------------
[debug] [2025-03-17T09:38:45.458Z] : 
[debug] [2025-03-17T09:38:45.804Z] : > authorizing via signed-in user option
[debug] [2025-03-17T09:38:45.804Z] : > command requires scopes: ["ZohoCatalyst.projects.ALL","ZohoCatalyst.projects.ALL","Stratus.sdkop.CREATE","Stratus.sdkop.READ","ZohoCatalyst.project.import.CREATE"]
[info] [2025-03-17T09:38:45.810Z] : 
      ___  
      \  \     ____           _             _                 _   
   ___ \  \   / ___|   __ _  | |_    __ _  | |  _   _   ___  | |_ 
  /  / /  /  | |      / _` | | __|  / _` | | | | | | | / __| | __|
 /  / /__/   | |___  | (_| | | |_  | (_| | | | | |_| | \__ \ | |_ 
 \  \         \____|  \__,_|  \__|  \__,_| |_|  \__, | |___/  \__|
  \__\                                          |___/       

You're about to initialize a Catalyst project in this directory:

  /home/brooklin/Projects/Crivo

[debug] [2025-03-17T09:38:45.815Z] : > refreshing access token <
[debug] [2025-03-17T09:38:45.815Z] : >>>> HTTP REQUEST : POST https://accounts.zoho.in/oauth/v2/token 
<request body omitted>

[debug] [2025-03-17T09:38:46.073Z] : <<<< HTTP RESPONSE : 200
Response Headers: {"server":"ZGS","date":"Mon, 17 Mar 2025 09:38:46 GMT","content-type":"application/json;charset=UTF-8","content-length":"1948","connection":"keep-alive","set-cookie":["zalb_6e73717622=dea4bb29906843a6fbdf3bd5c0e43d1d; Path=/; Secure; HttpOnly","iamcsr=26528317-6328-42f2-b707-31f0676433c4;path=/;SameSite=None;Secure;priority=high","_zcsr_tmp=26528317-6328-42f2-b707-31f0676433c4;path=/;SameSite=Strict;Secure;priority=high"],"cache-control":"no-store","x-content-type-options":"nosniff","content-security-policy":"script-src 'self' 'unsafe-inline' 'unsafe-eval' https://*.zohocdn.com https://*.zoho.com https://*.zoho.eu https://*.zoho.com.cn https://*.zoho.com.au https://*.zoho.jp https://*.zoho.uk https://*.zoho.sa https://*.zohocloud.ca; report-uri https://logsapi.zoho.in/csplog?service=accounts;","pragma":"no-cache","x-frame-options":"SAMEORIGIN","vary":"accept-encoding","content-language":"en-US","strict-transport-security":"max-age=64072000; includeSubDomains; preload"}

[debug] [2025-03-17T09:38:46.082Z] : >>>> HTTP REQUEST : GET https://api.catalyst.zoho.in/baas/v1/orgs 

[debug] [2025-03-17T09:38:46.325Z] : <<<< HTTP RESPONSE : 200
Response Headers: {"server":"ZGS","date":"Mon, 17 Mar 2025 09:38:47 GMT","content-type":"application/vnd.catalyst.v2+json","transfer-encoding":"chunked","connection":"keep-alive","set-cookie":["zalb_3a750b85f1=411f509465b028e7e235eac6930aaab2; Path=/; Secure; HttpOnly","ZD_CSRF_TOKEN=fc915fe0-dd82-4b44-9275-f9f87852a0ab;path=/;SameSite=None;Secure;priority=high","_zcsr_tmp=fc915fe0-dd82-4b44-9275-f9f87852a0ab;path=/;SameSite=Strict;Secure;priority=high"],"x-content-type-options":"nosniff","cache-control":"private,no-cache,no-store,max-age=0,must-revalidate","pragma":"no-cache","expires":"Thu, 01 Jan 1970 00:00:00 GMT","x-frame-options":"DENY","strict-transport-security":"max-age=64072000; includeSubDomains; preload"}

[info] [2025-03-17T09:38:46.329Z] : ℹ Setting up a new default project for this folder

[debug] [2025-03-17T09:38:46.329Z] : >>>> HTTP REQUEST : GET https://api.catalyst.zoho.in/baas/v1/project 

[debug] [2025-03-17T09:38:46.439Z] : <<<< HTTP RESPONSE : 200
Response Headers: {"server":"ZGS","date":"Mon, 17 Mar 2025 09:38:47 GMT","content-type":"application/vnd.catalyst.v2+json","transfer-encoding":"chunked","connection":"keep-alive","set-cookie":["zalb_3a750b85f1=ed010f63633be60a322039283f31a645; Path=/; Secure; HttpOnly","ZD_CSRF_TOKEN=491cff0e-26f8-4601-8c45-f6085b77df4f;path=/;SameSite=None;Secure;priority=high","_zcsr_tmp=491cff0e-26f8-4601-8c45-f6085b77df4f;path=/;SameSite=Strict;Secure;priority=high"],"x-content-type-options":"nosniff","cache-control":"private,no-cache,no-store,max-age=0,must-revalidate","pragma":"no-cache","expires":"Thu, 01 Jan 1970 00:00:00 GMT","x-frame-options":"DENY","strict-transport-security":"max-age=64072000; includeSubDomains; preload"}

